  stdafx.cpp
  MTI805_Project.cpp
c:\users\hyunwoo\downloads\opencv-3.2.0\build\install\include\opencv2\core\persistence.hpp : warning C4819: 현재 코드 페이지(949)에서 표시할 수 없는 문자가 파일에 들어 있습니다. 데이터가 손실되지 않게 하려면 해당 파일을 유니코드 형식으로 저장하십시오.
c:\users\hyunwoo\downloads\opencv-3.2.0\build\install\include\opencv2\core\utility.hpp : warning C4819: 현재 코드 페이지(949)에서 표시할 수 없는 문자가 파일에 들어 있습니다. 데이터가 손실되지 않게 하려면 해당 파일을 유니코드 형식으로 저장하십시오.
c:\users\hyunwoo\downloads\opencv-3.2.0\build\install\include\opencv2\core\utility.hpp : warning C4819: 현재 코드 페이지(949)에서 표시할 수 없는 문자가 파일에 들어 있습니다. 데이터가 손실되지 않게 하려면 해당 파일을 유니코드 형식으로 저장하십시오.
c:\users\hyunwoo\downloads\opencv-3.2.0\build\install\include\opencv2\imgproc.hpp : warning C4819: 현재 코드 페이지(949)에서 표시할 수 없는 문자가 파일에 들어 있습니다. 데이터가 손실되지 않게 하려면 해당 파일을 유니코드 형식으로 저장하십시오.
c:\users\hyunwoo\downloads\opencv-3.2.0\build\install\include\opencv2\imgproc.hpp(606): warning C4819: 현재 코드 페이지(949)에서 표시할 수 없는 문자가 파일에 들어 있습니다. 데이터가 손실되지 않게 하려면 해당 파일을 유니코드 형식으로 저장하십시오.
c:\users\hyunwoo\downloads\project_multimedia\project_multimedia\mti805_project\mti805_project.cpp(98): warning C4305: '=': 'double'에서 'float'(으)로 잘립니다.
c:\users\hyunwoo\downloads\project_multimedia\project_multimedia\mti805_project\mti805_project.cpp(102): warning C4305: '=': 'double'에서 'float'(으)로 잘립니다.
c:\users\hyunwoo\downloads\project_multimedia\project_multimedia\mti805_project\mti805_project.cpp(151): warning C4244: '인수': 'double'에서 'int'(으)로 변환하면서 데이터가 손실될 수 있습니다.
c:\users\hyunwoo\downloads\project_multimedia\project_multimedia\mti805_project\mti805_project.cpp(152): warning C4244: '인수': 'double'에서 'int'(으)로 변환하면서 데이터가 손실될 수 있습니다.
c:\users\hyunwoo\downloads\project_multimedia\project_multimedia\mti805_project\mti805_project.cpp(162): warning C4244: '=': 'double'에서 'float'(으)로 변환하면서 데이터가 손실될 수 있습니다.
c:\users\hyunwoo\downloads\project_multimedia\project_multimedia\mti805_project\mti805_project.cpp(176): warning C4244: '인수': 'float'에서 'int'(으)로 변환하면서 데이터가 손실될 수 있습니다.
c:\users\hyunwoo\downloads\project_multimedia\project_multimedia\mti805_project\mti805_project.cpp(194): warning C4244: '인수': 'int'에서 'float'(으)로 변환하면서 데이터가 손실될 수 있습니다.
c:\users\hyunwoo\downloads\project_multimedia\project_multimedia\mti805_project\mti805_project.cpp(195): warning C4244: '인수': 'int'에서 'float'(으)로 변환하면서 데이터가 손실될 수 있습니다.
c:\users\hyunwoo\downloads\project_multimedia\project_multimedia\mti805_project\mti805_project.cpp(197): warning C4244: '=': 'double'에서 'float'(으)로 변환하면서 데이터가 손실될 수 있습니다.
c:\users\hyunwoo\downloads\project_multimedia\project_multimedia\mti805_project\mti805_project.cpp(203): warning C4244: '인수': 'int'에서 'float'(으)로 변환하면서 데이터가 손실될 수 있습니다.
c:\users\hyunwoo\downloads\project_multimedia\project_multimedia\mti805_project\mti805_project.cpp(204): warning C4244: '인수': 'int'에서 'float'(으)로 변환하면서 데이터가 손실될 수 있습니다.
c:\users\hyunwoo\downloads\project_multimedia\project_multimedia\mti805_project\mti805_project.cpp(217): warning C4244: '인수': 'int'에서 'float'(으)로 변환하면서 데이터가 손실될 수 있습니다.
c:\users\hyunwoo\downloads\project_multimedia\project_multimedia\mti805_project\mti805_project.cpp(219): warning C4244: '=': 'double'에서 'float'(으)로 변환하면서 데이터가 손실될 수 있습니다.
  MTI805_Project.vcxproj -> C:\Users\HYUNWOO\Downloads\Project_Multimedia\Project_Multimedia\x64\Debug\MTI805_Project.exe
  MTI805_Project.vcxproj -> C:\Users\HYUNWOO\Downloads\Project_Multimedia\Project_Multimedia\x64\Debug\MTI805_Project.pdb (Full PDB)
