  stdafx.cpp
  main.cpp
c:\users\hyunwoo\downloads\opencv-3.2.0\build\install\include\opencv2\core\persistence.hpp : warning C4819: 현재 코드 페이지(949)에서 표시할 수 없는 문자가 파일에 들어 있습니다. 데이터가 손실되지 않게 하려면 해당 파일을 유니코드 형식으로 저장하십시오.
c:\users\hyunwoo\downloads\opencv-3.2.0\build\install\include\opencv2\core\utility.hpp : warning C4819: 현재 코드 페이지(949)에서 표시할 수 없는 문자가 파일에 들어 있습니다. 데이터가 손실되지 않게 하려면 해당 파일을 유니코드 형식으로 저장하십시오.
c:\users\hyunwoo\downloads\opencv-3.2.0\build\install\include\opencv2\core\utility.hpp : warning C4819: 현재 코드 페이지(949)에서 표시할 수 없는 문자가 파일에 들어 있습니다. 데이터가 손실되지 않게 하려면 해당 파일을 유니코드 형식으로 저장하십시오.
c:\users\hyunwoo\downloads\opencv-3.2.0\build\install\include\opencv2\imgproc.hpp : warning C4819: 현재 코드 페이지(949)에서 표시할 수 없는 문자가 파일에 들어 있습니다. 데이터가 손실되지 않게 하려면 해당 파일을 유니코드 형식으로 저장하십시오.
c:\users\hyunwoo\downloads\opencv-3.2.0\build\install\include\opencv2\imgproc.hpp(606): warning C4819: 현재 코드 페이지(949)에서 표시할 수 없는 문자가 파일에 들어 있습니다. 데이터가 손실되지 않게 하려면 해당 파일을 유니코드 형식으로 저장하십시오.
c:\users\hyunwoo\downloads\opencv-3.2.0\build\install\include\opencv2\flann\dist.h : warning C4819: 현재 코드 페이지(949)에서 표시할 수 없는 문자가 파일에 들어 있습니다. 데이터가 손실되지 않게 하려면 해당 파일을 유니코드 형식으로 저장하십시오.
c:\users\hyunwoo\downloads\opencv-3.2.0\build\install\include\opencv2\stitching\detail\motion_estimators.hpp : warning C4819: 현재 코드 페이지(949)에서 표시할 수 없는 문자가 파일에 들어 있습니다. 데이터가 손실되지 않게 하려면 해당 파일을 유니코드 형식으로 저장하십시오.
c:\users\hyunwoo\downloads\opencv-3.2.0\build\install\include\opencv2\video\tracking.hpp(540): warning C4819: 현재 코드 페이지(949)에서 표시할 수 없는 문자가 파일에 들어 있습니다. 데이터가 손실되지 않게 하려면 해당 파일을 유니코드 형식으로 저장하십시오.
c:\users\hyunwoo\downloads\project_multimedia\project_multimedia\svm\main.cpp(153): warning C4244: '=': 'float'에서 'int'(으)로 변환하면서 데이터가 손실될 수 있습니다.
c:\users\hyunwoo\downloads\project_multimedia\project_multimedia\svm\main.cpp(154): warning C4244: '=': 'float'에서 'int'(으)로 변환하면서 데이터가 손실될 수 있습니다.
c:\users\hyunwoo\downloads\project_multimedia\project_multimedia\svm\main.cpp(169): warning C4244: '=': 'float'에서 'int'(으)로 변환하면서 데이터가 손실될 수 있습니다.
c:\users\hyunwoo\downloads\project_multimedia\project_multimedia\svm\main.cpp(170): warning C4244: '=': 'float'에서 'int'(으)로 변환하면서 데이터가 손실될 수 있습니다.
c:\users\hyunwoo\downloads\project_multimedia\project_multimedia\svm\main.cpp(185): warning C4244: '=': 'float'에서 'int'(으)로 변환하면서 데이터가 손실될 수 있습니다.
c:\users\hyunwoo\downloads\project_multimedia\project_multimedia\svm\main.cpp(186): warning C4244: '=': 'float'에서 'int'(으)로 변환하면서 데이터가 손실될 수 있습니다.
c:\users\hyunwoo\downloads\project_multimedia\project_multimedia\svm\main.cpp(201): warning C4244: '=': 'float'에서 'int'(으)로 변환하면서 데이터가 손실될 수 있습니다.
c:\users\hyunwoo\downloads\project_multimedia\project_multimedia\svm\main.cpp(202): warning C4244: '=': 'float'에서 'int'(으)로 변환하면서 데이터가 손실될 수 있습니다.
  SVM.vcxproj -> C:\Users\HYUNWOO\Downloads\Project_Multimedia\Project_Multimedia\x64\Debug\SVM.exe
  SVM.vcxproj -> C:\Users\HYUNWOO\Downloads\Project_Multimedia\Project_Multimedia\x64\Debug\SVM.pdb (Full PDB)
